<?xml version="1.0" encoding="UTF-8"?>
<!-- Generated by org.testng.reporters.JUnitXMLReporter -->
<testsuite ignored="0" hostname="LAPTOP-63KR7F7I" failures="0" tests="3" name="Default test" time="3.735" errors="0" timestamp="2024-12-18T19:41:23 IST">
  <testcase classname="extendReportExample.ExtendReportSample" name="bing" time="0.499"/>
  <testcase classname="extendReportExample.ExtendReportSample" name="google" time="1.932"/>
  <testcase classname="extendReportExample.ExtendReportSample" name="wikipedia" time="1.258"/>
</testsuite> <!-- Default test -->
