<?xml version="1.0" encoding="UTF-8"?>
<testng-results ignored="0" total="3" passed="3" failed="0" skipped="0">
  <reporter-output>
  </reporter-output>
  <suite started-at="2024-12-18T19:41:19 IST" name="Default suite" finished-at="2024-12-18T19:41:23 IST" duration-ms="3735">
    <groups>
    </groups>
    <test started-at="2024-12-18T19:41:19 IST" name="Default test" finished-at="2024-12-18T19:41:23 IST" duration-ms="3735">
      <class name="extendReportExample.ExtendReportSample">
        <test-method is-config="true" signature="launchBrowser()[pri:0, instance:extendReportExample.ExtendReportSample@4dbb42b7]" started-at="2024-12-18T19:41:17 IST" name="launchBrowser" finished-at="2024-12-18T19:41:19 IST" duration-ms="2784" status="PASS">
          <reporter-output>
          </reporter-output>
        </test-method> <!-- launchBrowser -->
        <test-method signature="bing()[pri:0, instance:extendReportExample.ExtendReportSample@4dbb42b7]" started-at="2024-12-18T19:41:19 IST" name="bing" finished-at="2024-12-18T19:41:20 IST" duration-ms="499" status="PASS">
          <reporter-output>
          </reporter-output>
        </test-method> <!-- bing -->
        <test-method signature="google()[pri:0, instance:extendReportExample.ExtendReportSample@4dbb42b7]" started-at="2024-12-18T19:41:20 IST" name="google" finished-at="2024-12-18T19:41:22 IST" duration-ms="1932" status="PASS">
          <reporter-output>
          </reporter-output>
        </test-method> <!-- google -->
        <test-method signature="wikipedia()[pri:0, instance:extendReportExample.ExtendReportSample@4dbb42b7]" started-at="2024-12-18T19:41:22 IST" name="wikipedia" finished-at="2024-12-18T19:41:23 IST" duration-ms="1258" status="PASS">
          <reporter-output>
          </reporter-output>
        </test-method> <!-- wikipedia -->
        <test-method is-config="true" signature="quitBrowser()[pri:0, instance:extendReportExample.ExtendReportSample@4dbb42b7]" started-at="2024-12-18T19:41:23 IST" name="quitBrowser" finished-at="2024-12-18T19:41:24 IST" duration-ms="455" status="PASS">
          <reporter-output>
          </reporter-output>
        </test-method> <!-- quitBrowser -->
      </class> <!-- extendReportExample.ExtendReportSample -->
    </test> <!-- Default test -->
  </suite> <!-- Default suite -->
</testng-results>
