<?xml version="1.0" encoding="UTF-8"?>
<!-- Generated by org.testng.reporters.JUnitXMLReporter -->
<testsuite ignored="0" hostname="LAPTOP-63KR7F7I" failures="0" tests="4" name="Login" time="319.686" errors="0" timestamp="2024-12-10T11:35:57 IST">
  <testcase classname="dataDrivenExamples.Login" name="bothValid" time="136.174"/>
  <testcase classname="dataDrivenExamples.Login" name="bothValid" time="113.923"/>
  <testcase classname="dataDrivenExamples.Login" name="bothValid" time="62.578"/>
  <testcase classname="dataDrivenExamples.Login" name="bothValid" time="6.979"/>
</testsuite> <!-- Login -->
